0 info it worked if it ends with ok
1 verbose cli [ '/usr/bin/node', '/usr/bin/npm', 'run', 'dev' ]
2 info using npm@3.5.2
3 info using node@v8.10.0
4 verbose run-script [ 'predev', 'dev', 'postdev' ]
5 info lifecycle mailer-new@0.0.0~predev: mailer-new@0.0.0
6 silly lifecycle mailer-new@0.0.0~predev: no script for predev, continuing
7 info lifecycle mailer-new@0.0.0~dev: mailer-new@0.0.0
8 verbose lifecycle mailer-new@0.0.0~dev: unsafe-perm in lifecycle true
9 verbose lifecycle mailer-new@0.0.0~dev: PATH: /usr/share/npm/bin/node-gyp-bin:/home/jorge/workspace/module2/week2/day4/lab-nodemailer/mailer-new/node_modules/.bin:/usr/local/sbin:/usr/local/bin:/usr/sbin:/usr/bin:/sbin:/bin:/usr/games:/usr/local/games:/snap/bin
10 verbose lifecycle mailer-new@0.0.0~dev: CWD: /home/jorge/workspace/module2/week2/day4/lab-nodemailer/mailer-new
11 silly lifecycle mailer-new@0.0.0~dev: Args: [ '-c', 'DEBUG=mailer-new:* nodemon ./bin/www' ]
12 silly lifecycle mailer-new@0.0.0~dev: Returned: code: 130  signal: null
13 info lifecycle mailer-new@0.0.0~dev: Failed to exec dev script
14 verbose stack Error: mailer-new@0.0.0 dev: `DEBUG=mailer-new:* nodemon ./bin/www`
14 verbose stack Exit status 130
14 verbose stack     at EventEmitter.<anonymous> (/usr/share/npm/lib/utils/lifecycle.js:232:16)
14 verbose stack     at emitTwo (events.js:126:13)
14 verbose stack     at EventEmitter.emit (events.js:214:7)
14 verbose stack     at ChildProcess.<anonymous> (/usr/share/npm/lib/utils/spawn.js:24:14)
14 verbose stack     at emitTwo (events.js:126:13)
14 verbose stack     at ChildProcess.emit (events.js:214:7)
14 verbose stack     at maybeClose (internal/child_process.js:925:16)
14 verbose stack     at Process.ChildProcess._handle.onexit (internal/child_process.js:209:5)
15 verbose pkgid mailer-new@0.0.0
16 verbose cwd /home/jorge/workspace/module2/week2/day4/lab-nodemailer/mailer-new
17 error Linux 4.15.0-24-generic
18 error argv "/usr/bin/node" "/usr/bin/npm" "run" "dev"
19 error node v8.10.0
20 error npm  v3.5.2
21 error code ELIFECYCLE
22 error mailer-new@0.0.0 dev: `DEBUG=mailer-new:* nodemon ./bin/www`
22 error Exit status 130
23 error Failed at the mailer-new@0.0.0 dev script 'DEBUG=mailer-new:* nodemon ./bin/www'.
23 error Make sure you have the latest version of node.js and npm installed.
23 error If you do, this is most likely a problem with the mailer-new package,
23 error not with npm itself.
23 error Tell the author that this fails on your system:
23 error     DEBUG=mailer-new:* nodemon ./bin/www
23 error You can get information on how to open an issue for this project with:
23 error     npm bugs mailer-new
23 error Or if that isn't available, you can get their info via:
23 error     npm owner ls mailer-new
23 error There is likely additional logging output above.
24 verbose exit [ 1, true ]
